<?xml version="1.0" encoding="UTF-8"?>
<testng-results ignored="0" total="1" passed="1" failed="0" skipped="0">
  <reporter-output>
  </reporter-output>
  <suite started-at="2019-02-07T23:52:33Z" name="Default suite" finished-at="2019-02-07T23:52:53Z" duration-ms="20013">
    <groups>
    </groups>
    <test started-at="2019-02-07T23:52:33Z" name="Default test" finished-at="2019-02-07T23:52:53Z" duration-ms="20013">
      <class name="configurationDemo.TestSeleniumChrome">
        <test-method signature="testChrome()[pri:0, instance:configurationDemo.TestSeleniumChrome@24313fcc]" started-at="2019-02-07T15:52:33Z" name="testChrome" finished-at="2019-02-07T15:52:53Z" duration-ms="19973" status="PASS">
          <reporter-output>
          </reporter-output>
        </test-method> <!-- testChrome -->
      </class> <!-- configurationDemo.TestSeleniumChrome -->
    </test> <!-- Default test -->
  </suite> <!-- Default suite -->
</testng-results>
